<?xml version="1.0" encoding="UTF-8"?>
<TestRun id="94b4cd89-76d5-435e-a50d-6f21a0f4e212" name="ltenny@INSANE 2010-03-21 13:49:00" runUser="insane\ltenny" xmlns="http://microsoft.com/schemas/VisualStudio/TeamTest/2010">
  <TestSettings name="Local" id="ef69b125-3259-43eb-8030-7cf59d5f2b24">
    <Description>These are default test settings for a local test run.</Description>
    <Deployment enabled="false" runDeploymentRoot="ltenny_INSANE 2010-03-21 13_49_00" />
    <Execution>
      <TestTypeSpecific />
      <AgentRule name="Execution Agents">
      </AgentRule>
    </Execution>
  </TestSettings>
  <Times creation="2010-03-21T13:49:00.1753302-05:00" queuing="2010-03-21T13:49:01.5714100-05:00" start="2010-03-21T13:49:01.7264189-05:00" finish="2010-03-21T13:52:11.1302522-05:00" />
  <ResultSummary outcome="Error">
    <Counters total="3" executed="1" error="0" failed="0" timeout="0" aborted="1" inconclusive="0" passedButRunAborted="0" notRunnable="0" notExecuted="2" disconnected="0" warning="0" passed="0" completed="0" inProgress="0" pending="0" />
    <RunInfos>
      <RunInfo computerName="INSANE" outcome="Error" timestamp="2010-03-21T13:52:11.1182515-05:00">
        <Text>Test host process exited unexpectedly.</Text>
      </RunInfo>
    </RunInfos>
  </ResultSummary>
  <TestDefinitions>
    <UnitTest name="TestForArrivalDateGreaterThanDepartureDate" storage="m:\book work\code\chapter8\recipe8\tests\bin\debug\tests.dll" id="b57ca660-0fb3-a788-682d-22c7c53c2c94">
      <Execution id="d6c65bc2-5897-449e-a32f-a0abc7e84d74" />
      <TestMethod codeBase="M:/Book Work/Code/Chapter8/Recipe8/Tests/bin/Debug/Tests.DLL" adapterTypeName="Microsoft.VisualStudio.TestTools.TestTypes.Unit.UnitTestAdapter, Microsoft.VisualStudio.QualityTools.Tips.UnitTest.Adapter, Version=10.0.0.0, Culture=neutral, PublicKeyToken=b03f5f7f11d50a3a" className="Tests.ReservationTest, Tests, Version=1.0.0.0, Culture=neutral, PublicKeyToken=null" name="TestForArrivalDateGreaterThanDepartureDate" />
    </UnitTest>
    <UnitTest name="TestForDuplicateReservation" storage="m:\book work\code\chapter8\recipe8\tests\bin\debug\tests.dll" id="11f23460-0a16-f372-3438-da565d0b5ca1">
      <Execution id="4b56d477-605f-4380-ac43-159609049cc4" />
      <TestMethod codeBase="M:/Book Work/Code/Chapter8/Recipe8/Tests/bin/Debug/Tests.DLL" adapterTypeName="Microsoft.VisualStudio.TestTools.TestTypes.Unit.UnitTestAdapter, Microsoft.VisualStudio.QualityTools.Tips.UnitTest.Adapter, Version=10.0.0.0, Culture=neutral, PublicKeyToken=b03f5f7f11d50a3a" className="Tests.ReservationTest, Tests, Version=1.0.0.0, Culture=neutral, PublicKeyToken=null" name="TestForDuplicateReservation" />
    </UnitTest>
    <UnitTest name="TestForArrivesAndLeavesFromSameLocation" storage="m:\book work\code\chapter8\recipe8\tests\bin\debug\tests.dll" id="8f20bc21-42c5-f7b1-8b79-fcb83d29919b">
      <Execution id="af8bda1d-e8ab-44bf-ad73-90bca146c4aa" />
      <TestMethod codeBase="M:/Book Work/Code/Chapter8/Recipe8/Tests/bin/Debug/Tests.DLL" adapterTypeName="Microsoft.VisualStudio.TestTools.TestTypes.Unit.UnitTestAdapter, Microsoft.VisualStudio.QualityTools.Tips.UnitTest.Adapter, Version=10.0.0.0, Culture=neutral, PublicKeyToken=b03f5f7f11d50a3a" className="Tests.ReservationTest, Tests, Version=1.0.0.0, Culture=neutral, PublicKeyToken=null" name="TestForArrivesAndLeavesFromSameLocation" />
    </UnitTest>
  </TestDefinitions>
  <TestLists>
    <TestList name="Results Not in a List" id="8c84fa94-04c1-424b-9868-57a2d4851a1d" />
    <TestList name="All Loaded Results" id="19431567-8539-422a-85d7-44ee4e166bda" />
  </TestLists>
  <TestEntries>
    <TestEntry testId="11f23460-0a16-f372-3438-da565d0b5ca1" executionId="4b56d477-605f-4380-ac43-159609049cc4" testListId="8c84fa94-04c1-424b-9868-57a2d4851a1d" />
    <TestEntry testId="b57ca660-0fb3-a788-682d-22c7c53c2c94" executionId="d6c65bc2-5897-449e-a32f-a0abc7e84d74" testListId="8c84fa94-04c1-424b-9868-57a2d4851a1d" />
    <TestEntry testId="8f20bc21-42c5-f7b1-8b79-fcb83d29919b" executionId="af8bda1d-e8ab-44bf-ad73-90bca146c4aa" testListId="8c84fa94-04c1-424b-9868-57a2d4851a1d" />
  </TestEntries>
  <Results>
    <UnitTestResult executionId="4b56d477-605f-4380-ac43-159609049cc4" testId="11f23460-0a16-f372-3438-da565d0b5ca1" testName="TestForDuplicateReservation" computerName="INSANE" duration="00:03:09.1968214" startTime="2010-03-21T13:49:01.9324307-05:00" endTime="2010-03-21T13:52:11.1292521-05:00" testType="13cdc9d9-ddb5-4fa4-a97d-d965ccfc6d4b" outcome="Aborted" testListId="8c84fa94-04c1-424b-9868-57a2d4851a1d" relativeResultsDirectory="4b56d477-605f-4380-ac43-159609049cc4">
    </UnitTestResult>
    <UnitTestResult executionId="d6c65bc2-5897-449e-a32f-a0abc7e84d74" testId="b57ca660-0fb3-a788-682d-22c7c53c2c94" testName="TestForArrivalDateGreaterThanDepartureDate" computerName="INSANE" testType="13cdc9d9-ddb5-4fa4-a97d-d965ccfc6d4b" outcome="NotExecuted" testListId="8c84fa94-04c1-424b-9868-57a2d4851a1d" relativeResultsDirectory="d6c65bc2-5897-449e-a32f-a0abc7e84d74">
    </UnitTestResult>
    <UnitTestResult executionId="af8bda1d-e8ab-44bf-ad73-90bca146c4aa" testId="8f20bc21-42c5-f7b1-8b79-fcb83d29919b" testName="TestForArrivesAndLeavesFromSameLocation" computerName="INSANE" testType="13cdc9d9-ddb5-4fa4-a97d-d965ccfc6d4b" outcome="NotExecuted" testListId="8c84fa94-04c1-424b-9868-57a2d4851a1d" relativeResultsDirectory="af8bda1d-e8ab-44bf-ad73-90bca146c4aa">
    </UnitTestResult>
  </Results>
</TestRun>