<?xml version="1.0" encoding="UTF-8"?>
<TestRun id="e8ba1809-298a-4d98-9a79-974b0e9a7ba9" name="ltenny@INSANE 2010-03-21 13:44:56" runUser="insane\ltenny" xmlns="http://microsoft.com/schemas/VisualStudio/TeamTest/2010">
  <TestSettings name="Local" id="ef69b125-3259-43eb-8030-7cf59d5f2b24">
    <Description>These are default test settings for a local test run.</Description>
    <Deployment enabled="false" runDeploymentRoot="ltenny_INSANE 2010-03-21 13_44_56" />
    <Execution>
      <TestTypeSpecific />
      <AgentRule name="Execution Agents">
      </AgentRule>
    </Execution>
  </TestSettings>
  <Times creation="2010-03-21T13:44:56.0603676-05:00" queuing="2010-03-21T13:45:00.3376122-05:00" start="2010-03-21T13:45:00.5846264-05:00" finish="2010-03-21T13:45:46.3742454-05:00" />
  <ResultSummary outcome="Error">
    <Counters total="3" executed="1" error="0" failed="0" timeout="0" aborted="1" inconclusive="0" passedButRunAborted="0" notRunnable="0" notExecuted="2" disconnected="0" warning="0" passed="0" completed="0" inProgress="0" pending="0" />
    <RunInfos>
      <RunInfo computerName="INSANE" outcome="Error" timestamp="2010-03-21T13:45:46.3722453-05:00">
        <Text>Test host process exited unexpectedly.</Text>
      </RunInfo>
    </RunInfos>
  </ResultSummary>
  <TestDefinitions>
    <UnitTest name="TestForArrivalDateGreaterThanDepartureDate" storage="m:\book work\code\chapter8\recipe8\tests\bin\debug\tests.dll" id="b57ca660-0fb3-a788-682d-22c7c53c2c94">
      <Execution id="98d04f88-5497-4f6e-b1ec-65a4fb639771" />
      <TestMethod codeBase="M:/Book Work/Code/Chapter8/Recipe8/Tests/bin/Debug/Tests.DLL" adapterTypeName="Microsoft.VisualStudio.TestTools.TestTypes.Unit.UnitTestAdapter, Microsoft.VisualStudio.QualityTools.Tips.UnitTest.Adapter, Version=10.0.0.0, Culture=neutral, PublicKeyToken=b03f5f7f11d50a3a" className="Tests.ReservationTest, Tests, Version=1.0.0.0, Culture=neutral, PublicKeyToken=null" name="TestForArrivalDateGreaterThanDepartureDate" />
    </UnitTest>
    <UnitTest name="TestForDuplicateReservation" storage="m:\book work\code\chapter8\recipe8\tests\bin\debug\tests.dll" id="11f23460-0a16-f372-3438-da565d0b5ca1">
      <Execution id="1e99b218-1501-479b-bb83-d548b88ec772" />
      <TestMethod codeBase="M:/Book Work/Code/Chapter8/Recipe8/Tests/bin/Debug/Tests.DLL" adapterTypeName="Microsoft.VisualStudio.TestTools.TestTypes.Unit.UnitTestAdapter, Microsoft.VisualStudio.QualityTools.Tips.UnitTest.Adapter, Version=10.0.0.0, Culture=neutral, PublicKeyToken=b03f5f7f11d50a3a" className="Tests.ReservationTest, Tests, Version=1.0.0.0, Culture=neutral, PublicKeyToken=null" name="TestForDuplicateReservation" />
    </UnitTest>
    <UnitTest name="TestForArrivesAndLeavesFromSameLocation" storage="m:\book work\code\chapter8\recipe8\tests\bin\debug\tests.dll" id="8f20bc21-42c5-f7b1-8b79-fcb83d29919b">
      <Execution id="8e230ff6-37b7-40c5-8ec4-2902698535ec" />
      <TestMethod codeBase="M:/Book Work/Code/Chapter8/Recipe8/Tests/bin/Debug/Tests.DLL" adapterTypeName="Microsoft.VisualStudio.TestTools.TestTypes.Unit.UnitTestAdapter, Microsoft.VisualStudio.QualityTools.Tips.UnitTest.Adapter, Version=10.0.0.0, Culture=neutral, PublicKeyToken=b03f5f7f11d50a3a" className="Tests.ReservationTest, Tests, Version=1.0.0.0, Culture=neutral, PublicKeyToken=null" name="TestForArrivesAndLeavesFromSameLocation" />
    </UnitTest>
  </TestDefinitions>
  <TestLists>
    <TestList name="Results Not in a List" id="8c84fa94-04c1-424b-9868-57a2d4851a1d" />
    <TestList name="All Loaded Results" id="19431567-8539-422a-85d7-44ee4e166bda" />
  </TestLists>
  <TestEntries>
    <TestEntry testId="11f23460-0a16-f372-3438-da565d0b5ca1" executionId="1e99b218-1501-479b-bb83-d548b88ec772" testListId="8c84fa94-04c1-424b-9868-57a2d4851a1d" />
    <TestEntry testId="b57ca660-0fb3-a788-682d-22c7c53c2c94" executionId="98d04f88-5497-4f6e-b1ec-65a4fb639771" testListId="8c84fa94-04c1-424b-9868-57a2d4851a1d" />
    <TestEntry testId="8f20bc21-42c5-f7b1-8b79-fcb83d29919b" executionId="8e230ff6-37b7-40c5-8ec4-2902698535ec" testListId="8c84fa94-04c1-424b-9868-57a2d4851a1d" />
  </TestEntries>
  <Results>
    <UnitTestResult executionId="1e99b218-1501-479b-bb83-d548b88ec772" testId="11f23460-0a16-f372-3438-da565d0b5ca1" testName="TestForDuplicateReservation" computerName="INSANE" duration="00:00:45.5606059" startTime="2010-03-21T13:45:00.8136395-05:00" endTime="2010-03-21T13:45:46.3742454-05:00" testType="13cdc9d9-ddb5-4fa4-a97d-d965ccfc6d4b" outcome="Aborted" testListId="8c84fa94-04c1-424b-9868-57a2d4851a1d" relativeResultsDirectory="1e99b218-1501-479b-bb83-d548b88ec772">
    </UnitTestResult>
    <UnitTestResult executionId="98d04f88-5497-4f6e-b1ec-65a4fb639771" testId="b57ca660-0fb3-a788-682d-22c7c53c2c94" testName="TestForArrivalDateGreaterThanDepartureDate" computerName="INSANE" testType="13cdc9d9-ddb5-4fa4-a97d-d965ccfc6d4b" outcome="NotExecuted" testListId="8c84fa94-04c1-424b-9868-57a2d4851a1d" relativeResultsDirectory="98d04f88-5497-4f6e-b1ec-65a4fb639771">
    </UnitTestResult>
    <UnitTestResult executionId="8e230ff6-37b7-40c5-8ec4-2902698535ec" testId="8f20bc21-42c5-f7b1-8b79-fcb83d29919b" testName="TestForArrivesAndLeavesFromSameLocation" computerName="INSANE" testType="13cdc9d9-ddb5-4fa4-a97d-d965ccfc6d4b" outcome="NotExecuted" testListId="8c84fa94-04c1-424b-9868-57a2d4851a1d" relativeResultsDirectory="8e230ff6-37b7-40c5-8ec4-2902698535ec">
    </UnitTestResult>
  </Results>
</TestRun>