<?xml version="1.0" encoding="UTF-8"?>
<TestRun id="bec863fa-338b-4876-b0dd-26141075e547" name="ltenny@INSANE 2010-03-22 20:15:09" runUser="insane\ltenny" xmlns="http://microsoft.com/schemas/VisualStudio/TeamTest/2010">
  <TestSettings name="Local" id="2ff48031-4417-4f62-a051-a48b5d9d964e">
    <Description>These are default test settings for a local test run.</Description>
    <Deployment enabled="false" runDeploymentRoot="ltenny_INSANE 2010-03-22 20_15_09" />
    <Execution>
      <TestTypeSpecific />
      <AgentRule name="Execution Agents">
      </AgentRule>
    </Execution>
  </TestSettings>
  <Times creation="2010-03-22T20:15:09.0315799-05:00" queuing="2010-03-22T20:15:10.3946579-05:00" start="2010-03-22T20:15:10.5946693-05:00" finish="2010-03-22T20:16:55.3476608-05:00" />
  <ResultSummary outcome="Error">
    <Counters total="2" executed="1" error="0" failed="0" timeout="0" aborted="1" inconclusive="0" passedButRunAborted="0" notRunnable="0" notExecuted="1" disconnected="0" warning="0" passed="0" completed="0" inProgress="0" pending="0" />
    <RunInfos>
      <RunInfo computerName="INSANE" outcome="Error" timestamp="2010-03-22T20:16:55.3466608-05:00">
        <Text>Test host process exited unexpectedly.</Text>
      </RunInfo>
    </RunInfos>
  </ResultSummary>
  <TestDefinitions>
    <UnitTest name="TestsBooksInCategory" storage="m:\book work\code\chapter8\recipe9\tests\bin\debug\tests.dll" id="dd312093-b676-d7fa-dfa0-0fa5f21af16f">
      <Execution id="b932c1a0-5900-4ac9-ad69-54503107a97a" />
      <TestMethod codeBase="M:/Book Work/Code/Chapter8/Recipe9/Tests/bin/Debug/Tests.DLL" adapterTypeName="Microsoft.VisualStudio.TestTools.TestTypes.Unit.UnitTestAdapter, Microsoft.VisualStudio.QualityTools.Tips.UnitTest.Adapter, Version=10.0.0.0, Culture=neutral, PublicKeyToken=b03f5f7f11d50a3a" className="Tests.BookRepositoryTest, Tests, Version=1.0.0.0, Culture=neutral, PublicKeyToken=null" name="TestsBooksInCategory" />
    </UnitTest>
    <UnitTest name="TestBooksPublishedInTheYear" storage="m:\book work\code\chapter8\recipe9\tests\bin\debug\tests.dll" id="b4e992b3-e609-5e60-e1b9-2ff345976e9d">
      <Execution id="57a38647-8e66-41da-80d8-1bc6ca1e11fe" />
      <TestMethod codeBase="M:/Book Work/Code/Chapter8/Recipe9/Tests/bin/Debug/Tests.DLL" adapterTypeName="Microsoft.VisualStudio.TestTools.TestTypes.Unit.UnitTestAdapter, Microsoft.VisualStudio.QualityTools.Tips.UnitTest.Adapter, Version=10.0.0.0, Culture=neutral, PublicKeyToken=b03f5f7f11d50a3a" className="Tests.BookRepositoryTest, Tests, Version=1.0.0.0, Culture=neutral, PublicKeyToken=null" name="TestBooksPublishedInTheYear" />
    </UnitTest>
  </TestDefinitions>
  <TestLists>
    <TestList name="Results Not in a List" id="8c84fa94-04c1-424b-9868-57a2d4851a1d" />
    <TestList name="All Loaded Results" id="19431567-8539-422a-85d7-44ee4e166bda" />
  </TestLists>
  <TestEntries>
    <TestEntry testId="dd312093-b676-d7fa-dfa0-0fa5f21af16f" executionId="b932c1a0-5900-4ac9-ad69-54503107a97a" testListId="8c84fa94-04c1-424b-9868-57a2d4851a1d" />
    <TestEntry testId="b4e992b3-e609-5e60-e1b9-2ff345976e9d" executionId="57a38647-8e66-41da-80d8-1bc6ca1e11fe" testListId="8c84fa94-04c1-424b-9868-57a2d4851a1d" />
  </TestEntries>
  <Results>
    <UnitTestResult executionId="b932c1a0-5900-4ac9-ad69-54503107a97a" testId="dd312093-b676-d7fa-dfa0-0fa5f21af16f" testName="TestsBooksInCategory" computerName="INSANE" duration="00:01:44.4729755" startTime="2010-03-22T20:15:10.8746853-05:00" endTime="2010-03-22T20:16:55.3476608-05:00" testType="13cdc9d9-ddb5-4fa4-a97d-d965ccfc6d4b" outcome="Aborted" testListId="8c84fa94-04c1-424b-9868-57a2d4851a1d" relativeResultsDirectory="b932c1a0-5900-4ac9-ad69-54503107a97a">
    </UnitTestResult>
    <UnitTestResult executionId="57a38647-8e66-41da-80d8-1bc6ca1e11fe" testId="b4e992b3-e609-5e60-e1b9-2ff345976e9d" testName="TestBooksPublishedInTheYear" computerName="INSANE" testType="13cdc9d9-ddb5-4fa4-a97d-d965ccfc6d4b" outcome="NotExecuted" testListId="8c84fa94-04c1-424b-9868-57a2d4851a1d" relativeResultsDirectory="57a38647-8e66-41da-80d8-1bc6ca1e11fe">
    </UnitTestResult>
  </Results>
</TestRun>